<?xml version="1.0" encoding="UTF-8"?>
<!-- Generated by org.testng.reporters.JUnitReportReporter -->
<testsuite name="com.test.OMRAPITest" tests="2" time="13.935" ignored="0" failures="0" timestamp="12 Jul 2022 11:11:43 GMT" skipped="0" hostname="DESKTOP-7I57STG" errors="0">
  <testcase name="addAddress" time="3.853" classname="com.test.OMRAPITest"/>
  <testcase name="Login" time="10.082" classname="com.test.OMRAPITest"/>
</testsuite> <!-- com.test.OMRAPITest -->
